WARNING: A terminally deprecated method in sun.misc.Unsafe has been called
WARNING: sun.misc.Unsafe::staticFieldBase has been called by com.google.inject.internal.aop.HiddenClassDefiner (file:/home/thomas/.m2/wrapper/dists/apache-maven-3.9.11/a2d47e15/lib/guice-5.1.0-classes.jar)
WARNING: Please consider reporting this to the maintainers of class com.google.inject.internal.aop.HiddenClassDefiner
WARNING: sun.misc.Unsafe::staticFieldBase will be removed in a future release
[INFO] Scanning for projects...
[INFO] 
[INFO] -------------------< com.letocart:java_apirest_2026 >-------------------
[INFO] Building java_apirest_2026 0.0.1-SNAPSHOT
[INFO]   from pom.xml
[INFO] --------------------------------[ jar ]---------------------------------
[INFO] 
[INFO] >>> spring-boot:3.5.6:run (default-cli) > test-compile @ java_apirest_2026 >>>
[INFO] 
[INFO] --- resources:3.3.1:resources (default-resources) @ java_apirest_2026 ---
[INFO] Copying 1 resource from src/main/resources to target/classes
[INFO] Copying 0 resource from src/main/resources to target/classes
[INFO] 
[INFO] --- compiler:3.14.0:compile (default-compile) @ java_apirest_2026 ---
[INFO] Nothing to compile - all classes are up to date.
[INFO] 
[INFO] --- resources:3.3.1:testResources (default-testResources) @ java_apirest_2026 ---
[INFO] skip non existing resourceDirectory /home/thomas/Documents/Projects/java-apirest/src/test/resources
[INFO] 
[INFO] --- compiler:3.14.0:testCompile (default-testCompile) @ java_apirest_2026 ---
[INFO] Recompiling the module because of changed source code.
[INFO] Compiling 1 source file with javac [debug parameters target 21] to target/test-classes
[WARNING] location of system modules is not set in conjunction with -source 21
  not setting the location of system modules may lead to class files that cannot run on JDK 21
    --release 21 is recommended instead of -source 21 -target 21 because it sets the location of system modules automatically
[INFO] 
[INFO] <<< spring-boot:3.5.6:run (default-cli) < test-compile @ java_apirest_2026 <<<
[INFO] 
[INFO] 
[INFO] --- spring-boot:3.5.6:run (default-cli) @ java_apirest_2026 ---
[INFO] Attaching agents: []

  .   ____          _            __ _ _
 /\\ / ___'_ __ _ _(_)_ __  __ _ \ \ \ \
( ( )\___ | '_ | '_| | '_ \/ _` | \ \ \ \
 \\/  ___)| |_)| | | | | || (_| |  ) ) ) )
  '  |____| .__|_| |_|_| |_\__, | / / / /
 =========|_|==============|___/=/_/_/_/

 :: Spring Boot ::                (v3.5.6)

2025-11-13T11:05:01.924+01:00  INFO 238869 --- [           main] c.l.j.JavaApirest2026Application         : Starting JavaApirest2026Application using Java 25.0.1 with PID 238869 (/home/thomas/Documents/Projects/java-apirest/target/classes started by thomas in /home/thomas/Documents/Projects/java-apirest)
2025-11-13T11:05:01.927+01:00  INFO 238869 --- [           main] c.l.j.JavaApirest2026Application         : No active profile set, falling back to 1 default profile: "default"
2025-11-13T11:05:02.720+01:00  INFO 238869 --- [           main] .s.d.r.c.RepositoryConfigurationDelegate : Bootstrapping Spring Data JPA repositories in DEFAULT mode.
2025-11-13T11:05:02.784+01:00  INFO 238869 --- [           main] .s.d.r.c.RepositoryConfigurationDelegate : Finished Spring Data repository scanning in 54 ms. Found 5 JPA repository interfaces.
2025-11-13T11:05:03.333+01:00  INFO 238869 --- [           main] o.s.b.w.embedded.tomcat.TomcatWebServer  : Tomcat initialized with port 8080 (http)
2025-11-13T11:05:03.348+01:00  INFO 238869 --- [           main] o.apache.catalina.core.StandardService   : Starting service [Tomcat]
2025-11-13T11:05:03.348+01:00  INFO 238869 --- [           main] o.apache.catalina.core.StandardEngine    : Starting Servlet engine: [Apache Tomcat/10.1.46]
2025-11-13T11:05:03.394+01:00  INFO 238869 --- [           main] o.a.c.c.C.[Tomcat].[localhost].[/]       : Initializing Spring embedded WebApplicationContext
2025-11-13T11:05:03.395+01:00  INFO 238869 --- [           main] w.s.c.ServletWebServerApplicationContext : Root WebApplicationContext: initialization completed in 1418 ms
2025-11-13T11:05:03.579+01:00  INFO 238869 --- [           main] o.hibernate.jpa.internal.util.LogHelper  : HHH000204: Processing PersistenceUnitInfo [name: default]
2025-11-13T11:05:03.622+01:00  INFO 238869 --- [           main] org.hibernate.Version                    : HHH000412: Hibernate ORM core version 6.6.29.Final
2025-11-13T11:05:03.653+01:00  INFO 238869 --- [           main] o.h.c.internal.RegionFactoryInitiator    : HHH000026: Second-level cache disabled
2025-11-13T11:05:03.907+01:00  INFO 238869 --- [           main] o.s.o.j.p.SpringPersistenceUnitInfo      : No LoadTimeWeaver setup: ignoring JPA class transformer
2025-11-13T11:05:03.939+01:00  INFO 238869 --- [           main] com.zaxxer.hikari.HikariDataSource       : HikariPool-1 - Starting...
2025-11-13T11:05:04.057+01:00  INFO 238869 --- [           main] com.zaxxer.hikari.pool.HikariPool        : HikariPool-1 - Added connection com.mysql.cj.jdbc.ConnectionImpl@271e851e
2025-11-13T11:05:04.058+01:00  INFO 238869 --- [           main] com.zaxxer.hikari.HikariDataSource       : HikariPool-1 - Start completed.
2025-11-13T11:05:04.097+01:00  WARN 238869 --- [           main] org.hibernate.orm.deprecation            : HHH90000025: MySQLDialect does not need to be specified explicitly using 'hibernate.dialect' (remove the property setting and it will be selected by default)
2025-11-13T11:05:04.109+01:00  INFO 238869 --- [           main] org.hibernate.orm.connections.pooling    : HHH10001005: Database info:
	Database JDBC URL [Connecting through datasource 'HikariDataSource (HikariPool-1)']
	Database driver: undefined/unknown
	Database version: 8.0.44
	Autocommit mode: undefined/unknown
	Isolation level: undefined/unknown
	Minimum pool size: undefined/unknown
	Maximum pool size: undefined/unknown
2025-11-13T11:05:04.832+01:00  INFO 238869 --- [           main] o.h.e.t.j.p.i.JtaPlatformInitiator       : HHH000489: No JTA platform available (set 'hibernate.transaction.jta.platform' to enable JTA platform integration)
2025-11-13T11:05:04.954+01:00  INFO 238869 --- [           main] j.LocalContainerEntityManagerFactoryBean : Initialized JPA EntityManagerFactory for persistence unit 'default'
2025-11-13T11:05:05.570+01:00  WARN 238869 --- [           main] JpaBaseConfiguration$JpaWebConfiguration : spring.jpa.open-in-view is enabled by default. Therefore, database queries may be performed during view rendering. Explicitly configure spring.jpa.open-in-view to disable this warning
2025-11-13T11:05:06.040+01:00  INFO 238869 --- [           main] r$InitializeUserDetailsManagerConfigurer : Global AuthenticationManager configured with UserDetailsService bean with name userDetailsService
2025-11-13T11:05:06.203+01:00  INFO 238869 --- [           main] o.s.v.b.OptionalValidatorFactoryBean     : Failed to set up a Bean Validation provider: jakarta.validation.NoProviderFoundException: Unable to create a Configuration, because no Jakarta Bean Validation provider could be found. Add a provider like Hibernate Validator (RI) to your classpath.
2025-11-13T11:05:06.467+01:00  INFO 238869 --- [           main] o.s.b.w.embedded.tomcat.TomcatWebServer  : Tomcat started on port 8080 (http) with context path '/'
2025-11-13T11:05:06.479+01:00  INFO 238869 --- [           main] c.l.j.JavaApirest2026Application         : Started JavaApirest2026Application in 4.929 seconds (process running for 5.217)
2025-11-13T11:05:12.380+01:00  INFO 238869 --- [nio-8080-exec-1] o.a.c.c.C.[Tomcat].[localhost].[/]       : Initializing Spring DispatcherServlet 'dispatcherServlet'
2025-11-13T11:05:12.381+01:00  INFO 238869 --- [nio-8080-exec-1] o.s.web.servlet.DispatcherServlet        : Initializing Servlet 'dispatcherServlet'
2025-11-13T11:05:12.383+01:00  INFO 238869 --- [nio-8080-exec-1] o.s.web.servlet.DispatcherServlet        : Completed initialization in 2 ms
2025-11-13T11:05:12.878+01:00 DEBUG 238869 --- [nio-8080-exec-4] org.hibernate.SQL                        : 
    select
        p1_0.product_id,
        p1_0.description,
        p1_0.name,
        p1_0.price,
        p1_0.stock_quantity 
    from
        product p1_0
Hibernate: 
    select
        p1_0.product_id,
        p1_0.description,
        p1_0.name,
        p1_0.price,
        p1_0.stock_quantity 
    from
        product p1_0
2025-11-13T11:05:13.297+01:00 DEBUG 238869 --- [nio-8080-exec-8] org.hibernate.SQL                        : 
    select
        a1_0.account_id,
        a1_0.address_id,
        a1_0.email,
        a1_0.first_name,
        a1_0.last_name,
        a1_0.password 
    from
        account a1_0
Hibernate: 
    select
        a1_0.account_id,
        a1_0.address_id,
        a1_0.email,
        a1_0.first_name,
        a1_0.last_name,
        a1_0.password 
    from
        account a1_0
2025-11-13T11:05:13.310+01:00 DEBUG 238869 --- [nio-8080-exec-8] org.hibernate.SQL                        : 
    select
        a1_0.address_id,
        a2_0.account_id,
        a2_0.email,
        a2_0.first_name,
        a2_0.last_name,
        a2_0.password,
        a1_0.city,
        a1_0.country,
        a1_0.postal_code,
        a1_0.street 
    from
        address a1_0 
    left join
        account a2_0 
            on a1_0.address_id=a2_0.address_id 
    where
        a1_0.address_id=?
Hibernate: 
    select
        a1_0.address_id,
        a2_0.account_id,
        a2_0.email,
        a2_0.first_name,
        a2_0.last_name,
        a2_0.password,
        a1_0.city,
        a1_0.country,
        a1_0.postal_code,
        a1_0.street 
    from
        address a1_0 
    left join
        account a2_0 
            on a1_0.address_id=a2_0.address_id 
    where
        a1_0.address_id=?
2025-11-13T11:05:13.328+01:00 DEBUG 238869 --- [nio-8080-exec-8] org.hibernate.SQL                        : 
    select
        a1_0.address_id,
        a2_0.account_id,
        a2_0.email,
        a2_0.first_name,
        a2_0.last_name,
        a2_0.password,
        a1_0.city,
        a1_0.country,
        a1_0.postal_code,
        a1_0.street 
    from
        address a1_0 
    left join
        account a2_0 
            on a1_0.address_id=a2_0.address_id 
    where
        a1_0.address_id=?
Hibernate: 
    select
        a1_0.address_id,
        a2_0.account_id,
        a2_0.email,
        a2_0.first_name,
        a2_0.last_name,
        a2_0.password,
        a1_0.city,
        a1_0.country,
        a1_0.postal_code,
        a1_0.street 
    from
        address a1_0 
    left join
        account a2_0 
            on a1_0.address_id=a2_0.address_id 
    where
        a1_0.address_id=?
2025-11-13T11:05:13.331+01:00 DEBUG 238869 --- [nio-8080-exec-8] org.hibernate.SQL                        : 
    select
        a1_0.address_id,
        a2_0.account_id,
        a2_0.email,
        a2_0.first_name,
        a2_0.last_name,
        a2_0.password,
        a1_0.city,
        a1_0.country,
        a1_0.postal_code,
        a1_0.street 
    from
        address a1_0 
    left join
        account a2_0 
            on a1_0.address_id=a2_0.address_id 
    where
        a1_0.address_id=?
Hibernate: 
    select
        a1_0.address_id,
        a2_0.account_id,
        a2_0.email,
        a2_0.first_name,
        a2_0.last_name,
        a2_0.password,
        a1_0.city,
        a1_0.country,
        a1_0.postal_code,
        a1_0.street 
    from
        address a1_0 
    left join
        account a2_0 
            on a1_0.address_id=a2_0.address_id 
    where
        a1_0.address_id=?
2025-11-13T11:05:13.334+01:00 DEBUG 238869 --- [nio-8080-exec-8] org.hibernate.SQL                        : 
    select
        a1_0.address_id,
        a2_0.account_id,
        a2_0.email,
        a2_0.first_name,
        a2_0.last_name,
        a2_0.password,
        a1_0.city,
        a1_0.country,
        a1_0.postal_code,
        a1_0.street 
    from
        address a1_0 
    left join
        account a2_0 
            on a1_0.address_id=a2_0.address_id 
    where
        a1_0.address_id=?
Hibernate: 
    select
        a1_0.address_id,
        a2_0.account_id,
        a2_0.email,
        a2_0.first_name,
        a2_0.last_name,
        a2_0.password,
        a1_0.city,
        a1_0.country,
        a1_0.postal_code,
        a1_0.street 
    from
        address a1_0 
    left join
        account a2_0 
            on a1_0.address_id=a2_0.address_id 
    where
        a1_0.address_id=?
2025-11-13T11:05:13.337+01:00 DEBUG 238869 --- [nio-8080-exec-8] org.hibernate.SQL                        : 
    select
        a1_0.address_id,
        a2_0.account_id,
        a2_0.email,
        a2_0.first_name,
        a2_0.last_name,
        a2_0.password,
        a1_0.city,
        a1_0.country,
        a1_0.postal_code,
        a1_0.street 
    from
        address a1_0 
    left join
        account a2_0 
            on a1_0.address_id=a2_0.address_id 
    where
        a1_0.address_id=?
Hibernate: 
    select
        a1_0.address_id,
        a2_0.account_id,
        a2_0.email,
        a2_0.first_name,
        a2_0.last_name,
        a2_0.password,
        a1_0.city,
        a1_0.country,
        a1_0.postal_code,
        a1_0.street 
    from
        address a1_0 
    left join
        account a2_0 
            on a1_0.address_id=a2_0.address_id 
    where
        a1_0.address_id=?
2025-11-13T11:05:13.340+01:00 DEBUG 238869 --- [nio-8080-exec-8] org.hibernate.SQL                        : 
    select
        a1_0.address_id,
        a2_0.account_id,
        a2_0.email,
        a2_0.first_name,
        a2_0.last_name,
        a2_0.password,
        a1_0.city,
        a1_0.country,
        a1_0.postal_code,
        a1_0.street 
    from
        address a1_0 
    left join
        account a2_0 
            on a1_0.address_id=a2_0.address_id 
    where
        a1_0.address_id=?
Hibernate: 
    select
        a1_0.address_id,
        a2_0.account_id,
        a2_0.email,
        a2_0.first_name,
        a2_0.last_name,
        a2_0.password,
        a1_0.city,
        a1_0.country,
        a1_0.postal_code,
        a1_0.street 
    from
        address a1_0 
    left join
        account a2_0 
            on a1_0.address_id=a2_0.address_id 
    where
        a1_0.address_id=?
2025-11-13T11:05:13.384+01:00 DEBUG 238869 --- [nio-8080-exec-8] org.hibernate.SQL                        : 
    select
        o1_0.account_id,
        o1_0.orders_id,
        o1_0.order_date,
        o1_0.status,
        o1_0.total_amount 
    from
        orders o1_0 
    where
        o1_0.account_id=?
Hibernate: 
    select
        o1_0.account_id,
        o1_0.orders_id,
        o1_0.order_date,
        o1_0.status,
        o1_0.total_amount 
    from
        orders o1_0 
    where
        o1_0.account_id=?
2025-11-13T11:05:13.409+01:00 DEBUG 238869 --- [nio-8080-exec-8] org.hibernate.SQL                        : 
    select
        n1_0.account_id,
        n1_0.notice_id,
        n1_0.comment,
        n1_0.created_at,
        n1_0.product_id,
        n1_0.rating 
    from
        notice n1_0 
    where
        n1_0.account_id=?
Hibernate: 
    select
        n1_0.account_id,
        n1_0.notice_id,
        n1_0.comment,
        n1_0.created_at,
        n1_0.product_id,
        n1_0.rating 
    from
        notice n1_0 
    where
        n1_0.account_id=?
2025-11-13T11:05:13.425+01:00 DEBUG 238869 --- [nio-8080-exec-8] org.hibernate.SQL                        : 
    select
        o1_0.account_id,
        o1_0.orders_id,
        o1_0.order_date,
        o1_0.status,
        o1_0.total_amount 
    from
        orders o1_0 
    where
        o1_0.account_id=?
Hibernate: 
    select
        o1_0.account_id,
        o1_0.orders_id,
        o1_0.order_date,
        o1_0.status,
        o1_0.total_amount 
    from
        orders o1_0 
    where
        o1_0.account_id=?
2025-11-13T11:05:13.428+01:00 DEBUG 238869 --- [nio-8080-exec-8] org.hibernate.SQL                        : 
    select
        n1_0.account_id,
        n1_0.notice_id,
        n1_0.comment,
        n1_0.created_at,
        n1_0.product_id,
        n1_0.rating 
    from
        notice n1_0 
    where
        n1_0.account_id=?
Hibernate: 
    select
        n1_0.account_id,
        n1_0.notice_id,
        n1_0.comment,
        n1_0.created_at,
        n1_0.product_id,
        n1_0.rating 
    from
        notice n1_0 
    where
        n1_0.account_id=?
2025-11-13T11:05:13.430+01:00 DEBUG 238869 --- [nio-8080-exec-8] org.hibernate.SQL                        : 
    select
        o1_0.account_id,
        o1_0.orders_id,
        o1_0.order_date,
        o1_0.status,
        o1_0.total_amount 
    from
        orders o1_0 
    where
        o1_0.account_id=?
Hibernate: 
    select
        o1_0.account_id,
        o1_0.orders_id,
        o1_0.order_date,
        o1_0.status,
        o1_0.total_amount 
    from
        orders o1_0 
    where
        o1_0.account_id=?
2025-11-13T11:05:13.433+01:00 DEBUG 238869 --- [nio-8080-exec-8] org.hibernate.SQL                        : 
    select
        n1_0.account_id,
        n1_0.notice_id,
        n1_0.comment,
        n1_0.created_at,
        n1_0.product_id,
        n1_0.rating 
    from
        notice n1_0 
    where
        n1_0.account_id=?
Hibernate: 
    select
        n1_0.account_id,
        n1_0.notice_id,
        n1_0.comment,
        n1_0.created_at,
        n1_0.product_id,
        n1_0.rating 
    from
        notice n1_0 
    where
        n1_0.account_id=?
2025-11-13T11:05:13.435+01:00 DEBUG 238869 --- [nio-8080-exec-8] org.hibernate.SQL                        : 
    select
        o1_0.account_id,
        o1_0.orders_id,
        o1_0.order_date,
        o1_0.status,
        o1_0.total_amount 
    from
        orders o1_0 
    where
        o1_0.account_id=?
Hibernate: 
    select
        o1_0.account_id,
        o1_0.orders_id,
        o1_0.order_date,
        o1_0.status,
        o1_0.total_amount 
    from
        orders o1_0 
    where
        o1_0.account_id=?
2025-11-13T11:05:13.437+01:00 DEBUG 238869 --- [nio-8080-exec-8] org.hibernate.SQL                        : 
    select
        n1_0.account_id,
        n1_0.notice_id,
        n1_0.comment,
        n1_0.created_at,
        n1_0.product_id,
        n1_0.rating 
    from
        notice n1_0 
    where
        n1_0.account_id=?
Hibernate: 
    select
        n1_0.account_id,
        n1_0.notice_id,
        n1_0.comment,
        n1_0.created_at,
        n1_0.product_id,
        n1_0.rating 
    from
        notice n1_0 
    where
        n1_0.account_id=?
2025-11-13T11:05:13.439+01:00 DEBUG 238869 --- [nio-8080-exec-8] org.hibernate.SQL                        : 
    select
        o1_0.account_id,
        o1_0.orders_id,
        o1_0.order_date,
        o1_0.status,
        o1_0.total_amount 
    from
        orders o1_0 
    where
        o1_0.account_id=?
Hibernate: 
    select
        o1_0.account_id,
        o1_0.orders_id,
        o1_0.order_date,
        o1_0.status,
        o1_0.total_amount 
    from
        orders o1_0 
    where
        o1_0.account_id=?
2025-11-13T11:05:13.441+01:00 DEBUG 238869 --- [nio-8080-exec-8] org.hibernate.SQL                        : 
    select
        n1_0.account_id,
        n1_0.notice_id,
        n1_0.comment,
        n1_0.created_at,
        n1_0.product_id,
        n1_0.rating 
    from
        notice n1_0 
    where
        n1_0.account_id=?
Hibernate: 
    select
        n1_0.account_id,
        n1_0.notice_id,
        n1_0.comment,
        n1_0.created_at,
        n1_0.product_id,
        n1_0.rating 
    from
        notice n1_0 
    where
        n1_0.account_id=?
2025-11-13T11:05:13.443+01:00 DEBUG 238869 --- [nio-8080-exec-8] org.hibernate.SQL                        : 
    select
        o1_0.account_id,
        o1_0.orders_id,
        o1_0.order_date,
        o1_0.status,
        o1_0.total_amount 
    from
        orders o1_0 
    where
        o1_0.account_id=?
Hibernate: 
    select
        o1_0.account_id,
        o1_0.orders_id,
        o1_0.order_date,
        o1_0.status,
        o1_0.total_amount 
    from
        orders o1_0 
    where
        o1_0.account_id=?
2025-11-13T11:05:13.446+01:00 DEBUG 238869 --- [nio-8080-exec-8] org.hibernate.SQL                        : 
    select
        n1_0.account_id,
        n1_0.notice_id,
        n1_0.comment,
        n1_0.created_at,
        n1_0.product_id,
        n1_0.rating 
    from
        notice n1_0 
    where
        n1_0.account_id=?
Hibernate: 
    select
        n1_0.account_id,
        n1_0.notice_id,
        n1_0.comment,
        n1_0.created_at,
        n1_0.product_id,
        n1_0.rating 
    from
        notice n1_0 
    where
        n1_0.account_id=?
2025-11-13T11:05:37.030+01:00 DEBUG 238869 --- [io-8080-exec-10] org.hibernate.SQL                        : 
    select
        a1_0.account_id,
        a1_0.address_id,
        a1_0.email,
        a1_0.first_name,
        a1_0.last_name,
        a1_0.password 
    from
        account a1_0 
    where
        a1_0.email=?
Hibernate: 
    select
        a1_0.account_id,
        a1_0.address_id,
        a1_0.email,
        a1_0.first_name,
        a1_0.last_name,
        a1_0.password 
    from
        account a1_0 
    where
        a1_0.email=?
2025-11-13T11:05:37.577+01:00 DEBUG 238869 --- [io-8080-exec-10] org.hibernate.SQL                        : 
    insert 
    into
        address
        (city, country, postal_code, street) 
    values
        (?, ?, ?, ?)
Hibernate: 
    insert 
    into
        address
        (city, country, postal_code, street) 
    values
        (?, ?, ?, ?)
2025-11-13T11:05:37.607+01:00 DEBUG 238869 --- [io-8080-exec-10] org.hibernate.SQL                        : 
    insert 
    into
        account
        (address_id, email, first_name, last_name, password) 
    values
        (?, ?, ?, ?, ?)
Hibernate: 
    insert 
    into
        account
        (address_id, email, first_name, last_name, password) 
    values
        (?, ?, ?, ?, ?)
2025-11-13T11:05:58.467+01:00 DEBUG 238869 --- [nio-8080-exec-2] org.hibernate.SQL                        : 
    select
        a1_0.account_id,
        a1_0.address_id,
        a1_0.email,
        a1_0.first_name,
        a1_0.last_name,
        a1_0.password 
    from
        account a1_0 
    where
        a1_0.email=?
Hibernate: 
    select
        a1_0.account_id,
        a1_0.address_id,
        a1_0.email,
        a1_0.first_name,
        a1_0.last_name,
        a1_0.password 
    from
        account a1_0 
    where
        a1_0.email=?
2025-11-13T11:25:43.310+01:00 DEBUG 238869 --- [io-8080-exec-10] org.hibernate.SQL                        : 
    select
        a1_0.account_id,
        a1_0.address_id,
        a1_0.email,
        a1_0.first_name,
        a1_0.last_name,
        a1_0.password 
    from
        account a1_0
Hibernate: 
    select
        a1_0.account_id,
        a1_0.address_id,
        a1_0.email,
        a1_0.first_name,
        a1_0.last_name,
        a1_0.password 
    from
        account a1_0
2025-11-13T11:25:43.337+01:00 DEBUG 238869 --- [io-8080-exec-10] org.hibernate.SQL                        : 
    select
        a1_0.address_id,
        a2_0.account_id,
        a2_0.email,
        a2_0.first_name,
        a2_0.last_name,
        a2_0.password,
        a1_0.city,
        a1_0.country,
        a1_0.postal_code,
        a1_0.street 
    from
        address a1_0 
    left join
        account a2_0 
            on a1_0.address_id=a2_0.address_id 
    where
        a1_0.address_id=?
Hibernate: 
    select
        a1_0.address_id,
        a2_0.account_id,
        a2_0.email,
        a2_0.first_name,
        a2_0.last_name,
        a2_0.password,
        a1_0.city,
        a1_0.country,
        a1_0.postal_code,
        a1_0.street 
    from
        address a1_0 
    left join
        account a2_0 
            on a1_0.address_id=a2_0.address_id 
    where
        a1_0.address_id=?
2025-11-13T11:25:43.346+01:00 DEBUG 238869 --- [io-8080-exec-10] org.hibernate.SQL                        : 
    select
        a1_0.address_id,
        a2_0.account_id,
        a2_0.email,
        a2_0.first_name,
        a2_0.last_name,
        a2_0.password,
        a1_0.city,
        a1_0.country,
        a1_0.postal_code,
        a1_0.street 
    from
        address a1_0 
    left join
        account a2_0 
            on a1_0.address_id=a2_0.address_id 
    where
        a1_0.address_id=?
Hibernate: 
    select
        a1_0.address_id,
        a2_0.account_id,
        a2_0.email,
        a2_0.first_name,
        a2_0.last_name,
        a2_0.password,
        a1_0.city,
        a1_0.country,
        a1_0.postal_code,
        a1_0.street 
    from
        address a1_0 
    left join
        account a2_0 
            on a1_0.address_id=a2_0.address_id 
    where
        a1_0.address_id=?
2025-11-13T11:25:43.349+01:00 DEBUG 238869 --- [io-8080-exec-10] org.hibernate.SQL                        : 
    select
        a1_0.address_id,
        a2_0.account_id,
        a2_0.email,
        a2_0.first_name,
        a2_0.last_name,
        a2_0.password,
        a1_0.city,
        a1_0.country,
        a1_0.postal_code,
        a1_0.street 
    from
        address a1_0 
    left join
        account a2_0 
            on a1_0.address_id=a2_0.address_id 
    where
        a1_0.address_id=?
Hibernate: 
    select
        a1_0.address_id,
        a2_0.account_id,
        a2_0.email,
        a2_0.first_name,
        a2_0.last_name,
        a2_0.password,
        a1_0.city,
        a1_0.country,
        a1_0.postal_code,
        a1_0.street 
    from
        address a1_0 
    left join
        account a2_0 
            on a1_0.address_id=a2_0.address_id 
    where
        a1_0.address_id=?
2025-11-13T11:25:43.352+01:00 DEBUG 238869 --- [io-8080-exec-10] org.hibernate.SQL                        : 
    select
        a1_0.address_id,
        a2_0.account_id,
        a2_0.email,
        a2_0.first_name,
        a2_0.last_name,
        a2_0.password,
        a1_0.city,
        a1_0.country,
        a1_0.postal_code,
        a1_0.street 
    from
        address a1_0 
    left join
        account a2_0 
            on a1_0.address_id=a2_0.address_id 
    where
        a1_0.address_id=?
Hibernate: 
    select
        a1_0.address_id,
        a2_0.account_id,
        a2_0.email,
        a2_0.first_name,
        a2_0.last_name,
        a2_0.password,
        a1_0.city,
        a1_0.country,
        a1_0.postal_code,
        a1_0.street 
    from
        address a1_0 
    left join
        account a2_0 
            on a1_0.address_id=a2_0.address_id 
    where
        a1_0.address_id=?
2025-11-13T11:25:43.354+01:00 DEBUG 238869 --- [io-8080-exec-10] org.hibernate.SQL                        : 
    select
        a1_0.address_id,
        a2_0.account_id,
        a2_0.email,
        a2_0.first_name,
        a2_0.last_name,
        a2_0.password,
        a1_0.city,
        a1_0.country,
        a1_0.postal_code,
        a1_0.street 
    from
        address a1_0 
    left join
        account a2_0 
            on a1_0.address_id=a2_0.address_id 
    where
        a1_0.address_id=?
Hibernate: 
    select
        a1_0.address_id,
        a2_0.account_id,
        a2_0.email,
        a2_0.first_name,
        a2_0.last_name,
        a2_0.password,
        a1_0.city,
        a1_0.country,
        a1_0.postal_code,
        a1_0.street 
    from
        address a1_0 
    left join
        account a2_0 
            on a1_0.address_id=a2_0.address_id 
    where
        a1_0.address_id=?
2025-11-13T11:25:43.357+01:00 DEBUG 238869 --- [io-8080-exec-10] org.hibernate.SQL                        : 
    select
        a1_0.address_id,
        a2_0.account_id,
        a2_0.email,
        a2_0.first_name,
        a2_0.last_name,
        a2_0.password,
        a1_0.city,
        a1_0.country,
        a1_0.postal_code,
        a1_0.street 
    from
        address a1_0 
    left join
        account a2_0 
            on a1_0.address_id=a2_0.address_id 
    where
        a1_0.address_id=?
Hibernate: 
    select
        a1_0.address_id,
        a2_0.account_id,
        a2_0.email,
        a2_0.first_name,
        a2_0.last_name,
        a2_0.password,
        a1_0.city,
        a1_0.country,
        a1_0.postal_code,
        a1_0.street 
    from
        address a1_0 
    left join
        account a2_0 
            on a1_0.address_id=a2_0.address_id 
    where
        a1_0.address_id=?
2025-11-13T11:25:43.359+01:00 DEBUG 238869 --- [io-8080-exec-10] org.hibernate.SQL                        : 
    select
        a1_0.address_id,
        a2_0.account_id,
        a2_0.email,
        a2_0.first_name,
        a2_0.last_name,
        a2_0.password,
        a1_0.city,
        a1_0.country,
        a1_0.postal_code,
        a1_0.street 
    from
        address a1_0 
    left join
        account a2_0 
            on a1_0.address_id=a2_0.address_id 
    where
        a1_0.address_id=?
Hibernate: 
    select
        a1_0.address_id,
        a2_0.account_id,
        a2_0.email,
        a2_0.first_name,
        a2_0.last_name,
        a2_0.password,
        a1_0.city,
        a1_0.country,
        a1_0.postal_code,
        a1_0.street 
    from
        address a1_0 
    left join
        account a2_0 
            on a1_0.address_id=a2_0.address_id 
    where
        a1_0.address_id=?
2025-11-13T11:25:43.397+01:00 DEBUG 238869 --- [io-8080-exec-10] org.hibernate.SQL                        : 
    select
        o1_0.account_id,
        o1_0.orders_id,
        o1_0.order_date,
        o1_0.status,
        o1_0.total_amount 
    from
        orders o1_0 
    where
        o1_0.account_id=?
Hibernate: 
    select
        o1_0.account_id,
        o1_0.orders_id,
        o1_0.order_date,
        o1_0.status,
        o1_0.total_amount 
    from
        orders o1_0 
    where
        o1_0.account_id=?
2025-11-13T11:25:43.401+01:00 DEBUG 238869 --- [io-8080-exec-10] org.hibernate.SQL                        : 
    select
        n1_0.account_id,
        n1_0.notice_id,
        n1_0.comment,
        n1_0.created_at,
        n1_0.product_id,
        n1_0.rating 
    from
        notice n1_0 
    where
        n1_0.account_id=?
Hibernate: 
    select
        n1_0.account_id,
        n1_0.notice_id,
        n1_0.comment,
        n1_0.created_at,
        n1_0.product_id,
        n1_0.rating 
    from
        notice n1_0 
    where
        n1_0.account_id=?
2025-11-13T11:25:43.404+01:00 DEBUG 238869 --- [io-8080-exec-10] org.hibernate.SQL                        : 
    select
        o1_0.account_id,
        o1_0.orders_id,
        o1_0.order_date,
        o1_0.status,
        o1_0.total_amount 
    from
        orders o1_0 
    where
        o1_0.account_id=?
Hibernate: 
    select
        o1_0.account_id,
        o1_0.orders_id,
        o1_0.order_date,
        o1_0.status,
        o1_0.total_amount 
    from
        orders o1_0 
    where
        o1_0.account_id=?
2025-11-13T11:25:43.406+01:00 DEBUG 238869 --- [io-8080-exec-10] org.hibernate.SQL                        : 
    select
        n1_0.account_id,
        n1_0.notice_id,
        n1_0.comment,
        n1_0.created_at,
        n1_0.product_id,
        n1_0.rating 
    from
        notice n1_0 
    where
        n1_0.account_id=?
Hibernate: 
    select
        n1_0.account_id,
        n1_0.notice_id,
        n1_0.comment,
        n1_0.created_at,
        n1_0.product_id,
        n1_0.rating 
    from
        notice n1_0 
    where
        n1_0.account_id=?
2025-11-13T11:25:43.409+01:00 DEBUG 238869 --- [io-8080-exec-10] org.hibernate.SQL                        : 
    select
        o1_0.account_id,
        o1_0.orders_id,
        o1_0.order_date,
        o1_0.status,
        o1_0.total_amount 
    from
        orders o1_0 
    where
        o1_0.account_id=?
Hibernate: 
    select
        o1_0.account_id,
        o1_0.orders_id,
        o1_0.order_date,
        o1_0.status,
        o1_0.total_amount 
    from
        orders o1_0 
    where
        o1_0.account_id=?
2025-11-13T11:25:43.411+01:00 DEBUG 238869 --- [io-8080-exec-10] org.hibernate.SQL                        : 
    select
        n1_0.account_id,
        n1_0.notice_id,
        n1_0.comment,
        n1_0.created_at,
        n1_0.product_id,
        n1_0.rating 
    from
        notice n1_0 
    where
        n1_0.account_id=?
Hibernate: 
    select
        n1_0.account_id,
        n1_0.notice_id,
        n1_0.comment,
        n1_0.created_at,
        n1_0.product_id,
        n1_0.rating 
    from
        notice n1_0 
    where
        n1_0.account_id=?
2025-11-13T11:25:43.413+01:00 DEBUG 238869 --- [io-8080-exec-10] org.hibernate.SQL                        : 
    select
        o1_0.account_id,
        o1_0.orders_id,
        o1_0.order_date,
        o1_0.status,
        o1_0.total_amount 
    from
        orders o1_0 
    where
        o1_0.account_id=?
Hibernate: 
    select
        o1_0.account_id,
        o1_0.orders_id,
        o1_0.order_date,
        o1_0.status,
        o1_0.total_amount 
    from
        orders o1_0 
    where
        o1_0.account_id=?
2025-11-13T11:25:43.415+01:00 DEBUG 238869 --- [io-8080-exec-10] org.hibernate.SQL                        : 
    select
        n1_0.account_id,
        n1_0.notice_id,
        n1_0.comment,
        n1_0.created_at,
        n1_0.product_id,
        n1_0.rating 
    from
        notice n1_0 
    where
        n1_0.account_id=?
Hibernate: 
    select
        n1_0.account_id,
        n1_0.notice_id,
        n1_0.comment,
        n1_0.created_at,
        n1_0.product_id,
        n1_0.rating 
    from
        notice n1_0 
    where
        n1_0.account_id=?
2025-11-13T11:25:43.417+01:00 DEBUG 238869 --- [io-8080-exec-10] org.hibernate.SQL                        : 
    select
        o1_0.account_id,
        o1_0.orders_id,
        o1_0.order_date,
        o1_0.status,
        o1_0.total_amount 
    from
        orders o1_0 
    where
        o1_0.account_id=?
Hibernate: 
    select
        o1_0.account_id,
        o1_0.orders_id,
        o1_0.order_date,
        o1_0.status,
        o1_0.total_amount 
    from
        orders o1_0 
    where
        o1_0.account_id=?
2025-11-13T11:25:43.419+01:00 DEBUG 238869 --- [io-8080-exec-10] org.hibernate.SQL                        : 
    select
        n1_0.account_id,
        n1_0.notice_id,
        n1_0.comment,
        n1_0.created_at,
        n1_0.product_id,
        n1_0.rating 
    from
        notice n1_0 
    where
        n1_0.account_id=?
Hibernate: 
    select
        n1_0.account_id,
        n1_0.notice_id,
        n1_0.comment,
        n1_0.created_at,
        n1_0.product_id,
        n1_0.rating 
    from
        notice n1_0 
    where
        n1_0.account_id=?
2025-11-13T11:25:43.422+01:00 DEBUG 238869 --- [io-8080-exec-10] org.hibernate.SQL                        : 
    select
        o1_0.account_id,
        o1_0.orders_id,
        o1_0.order_date,
        o1_0.status,
        o1_0.total_amount 
    from
        orders o1_0 
    where
        o1_0.account_id=?
Hibernate: 
    select
        o1_0.account_id,
        o1_0.orders_id,
        o1_0.order_date,
        o1_0.status,
        o1_0.total_amount 
    from
        orders o1_0 
    where
        o1_0.account_id=?
2025-11-13T11:25:43.424+01:00 DEBUG 238869 --- [io-8080-exec-10] org.hibernate.SQL                        : 
    select
        n1_0.account_id,
        n1_0.notice_id,
        n1_0.comment,
        n1_0.created_at,
        n1_0.product_id,
        n1_0.rating 
    from
        notice n1_0 
    where
        n1_0.account_id=?
Hibernate: 
    select
        n1_0.account_id,
        n1_0.notice_id,
        n1_0.comment,
        n1_0.created_at,
        n1_0.product_id,
        n1_0.rating 
    from
        notice n1_0 
    where
        n1_0.account_id=?
2025-11-13T11:25:43.426+01:00 DEBUG 238869 --- [io-8080-exec-10] org.hibernate.SQL                        : 
    select
        o1_0.account_id,
        o1_0.orders_id,
        o1_0.order_date,
        o1_0.status,
        o1_0.total_amount 
    from
        orders o1_0 
    where
        o1_0.account_id=?
Hibernate: 
    select
        o1_0.account_id,
        o1_0.orders_id,
        o1_0.order_date,
        o1_0.status,
        o1_0.total_amount 
    from
        orders o1_0 
    where
        o1_0.account_id=?
2025-11-13T11:25:43.428+01:00 DEBUG 238869 --- [io-8080-exec-10] org.hibernate.SQL                        : 
    select
        n1_0.account_id,
        n1_0.notice_id,
        n1_0.comment,
        n1_0.created_at,
        n1_0.product_id,
        n1_0.rating 
    from
        notice n1_0 
    where
        n1_0.account_id=?
Hibernate: 
    select
        n1_0.account_id,
        n1_0.notice_id,
        n1_0.comment,
        n1_0.created_at,
        n1_0.product_id,
        n1_0.rating 
    from
        notice n1_0 
    where
        n1_0.account_id=?
